<?xml version="1.0" encoding="UTF-8"?>
<testsuite xmlns:xsi="http://www.w3.org/2001/XMLSchema-instance" xsi:noNamespaceSchemaLocation="https://maven.apache.org/surefire/maven-surefire-plugin/xsd/surefire-test-report.xsd" name="AppTest" time="0.498" tests="11" errors="0" skipped="0" failures="0">
  <properties>
    <property name="sun.desktop" value="windows"/>
    <property name="awt.toolkit" value="sun.awt.windows.WToolkit"/>
    <property name="java.specification.version" value="11"/>
    <property name="sun.cpu.isalist" value="amd64"/>
    <property name="sun.jnu.encoding" value="Cp1252"/>
    <property name="java.class.path" value="C:\Users\Xps 9560\Documents\UBB\VVSS\NituRazvan_JudeaDenisa_Lab3\target\test-classes;C:\Users\Xps 9560\Documents\UBB\VVSS\NituRazvan_JudeaDenisa_Lab3\target\classes;C:\Users\Xps 9560\.m2\repository\junit\junit\4.11\junit-4.11.jar;C:\Users\Xps 9560\.m2\repository\org\hamcrest\hamcrest-core\1.3\hamcrest-core-1.3.jar;"/>
    <property name="java.vm.vendor" value="Oracle Corporation"/>
    <property name="sun.arch.data.model" value="64"/>
    <property name="user.variant" value=""/>
    <property name="java.vendor.url" value="http://java.oracle.com/"/>
    <property name="user.timezone" value="Europe/Athens"/>
    <property name="java.vm.specification.version" value="11"/>
    <property name="os.name" value="Windows 10"/>
    <property name="sun.java.launcher" value="SUN_STANDARD"/>
    <property name="user.country" value="US"/>
    <property name="sun.boot.library.path" value="C:\Program Files\Java\jdk-11.0.1\bin"/>
    <property name="sun.java.command" value="C:\Users\Xps 9560\AppData\Local\Temp\surefire7379343052076973730\surefirebooter6127653877691937737.jar C:\Users\Xps 9560\AppData\Local\Temp\surefire7379343052076973730 2020-04-01T12-27-22_976-jvmRun1 surefire6946377889728954699tmp surefire_015707047230305782201tmp"/>
    <property name="jdk.debug" value="release"/>
    <property name="surefire.test.class.path" value="C:\Users\Xps 9560\Documents\UBB\VVSS\NituRazvan_JudeaDenisa_Lab3\target\test-classes;C:\Users\Xps 9560\Documents\UBB\VVSS\NituRazvan_JudeaDenisa_Lab3\target\classes;C:\Users\Xps 9560\.m2\repository\junit\junit\4.11\junit-4.11.jar;C:\Users\Xps 9560\.m2\repository\org\hamcrest\hamcrest-core\1.3\hamcrest-core-1.3.jar;"/>
    <property name="sun.cpu.endian" value="little"/>
    <property name="user.home" value="C:\Users\Xps 9560"/>
    <property name="user.language" value="en"/>
    <property name="java.specification.vendor" value="Oracle Corporation"/>
    <property name="java.version.date" value="2018-10-16"/>
    <property name="java.home" value="C:\Program Files\Java\jdk-11.0.1"/>
    <property name="file.separator" value="\"/>
    <property name="basedir" value="C:\Users\Xps 9560\Documents\UBB\VVSS\NituRazvan_JudeaDenisa_Lab3"/>
    <property name="java.vm.compressedOopsMode" value="Zero based"/>
    <property name="line.separator" value="&#10;"/>
    <property name="java.specification.name" value="Java Platform API Specification"/>
    <property name="java.vm.specification.vendor" value="Oracle Corporation"/>
    <property name="java.awt.graphicsenv" value="sun.awt.Win32GraphicsEnvironment"/>
    <property name="surefire.real.class.path" value="C:\Users\Xps 9560\AppData\Local\Temp\surefire7379343052076973730\surefirebooter6127653877691937737.jar"/>
    <property name="user.script" value=""/>
    <property name="sun.management.compiler" value="HotSpot 64-Bit Tiered Compilers"/>
    <property name="java.runtime.version" value="11.0.1+13-LTS"/>
    <property name="user.name" value="Xps 9560"/>
    <property name="path.separator" value=";"/>
    <property name="os.version" value="10.0"/>
    <property name="java.runtime.name" value="Java(TM) SE Runtime Environment"/>
    <property name="file.encoding" value="Cp1252"/>
    <property name="java.vm.name" value="Java HotSpot(TM) 64-Bit Server VM"/>
    <property name="java.vendor.version" value="18.9"/>
    <property name="localRepository" value="C:\Users\Xps 9560\.m2\repository"/>
    <property name="java.vendor.url.bug" value="http://bugreport.java.com/bugreport/"/>
    <property name="java.io.tmpdir" value="C:\Users\Xps 9560\AppData\Local\Temp\"/>
    <property name="idea.version" value="2018.2.5"/>
    <property name="java.version" value="11.0.1"/>
    <property name="user.dir" value="C:\Users\Xps 9560\Documents\UBB\VVSS\NituRazvan_JudeaDenisa_Lab3"/>
    <property name="os.arch" value="amd64"/>
    <property name="java.vm.specification.name" value="Java Virtual Machine Specification"/>
    <property name="java.awt.printerjob" value="sun.awt.windows.WPrinterJob"/>
    <property name="sun.os.patch.level" value=""/>
    <property name="java.library.path" value="C:\Program Files\Java\jdk-11.0.1\bin;C:\WINDOWS\Sun\Java\bin;C:\WINDOWS\system32;C:\WINDOWS;C:\Python27\;C:\Python27\Scripts;C:\Program Files (x86)\Intel\Intel(R) Management Engine Components\iCLS\;C:\Program Files\Intel\Intel(R) Management Engine Components\iCLS\;C:\Windows\system32;C:\Windows;C:\Windows\System32\Wbem;C:\Windows\System32\WindowsPowerShell\v1.0\;C:\Program Files (x86)\Intel\Intel(R) Management Engine Components\DAL;C:\Program Files\Intel\Intel(R) Management Engine Components\DAL;C:\Program Files (x86)\Intel\Intel(R) Management Engine Components\IPT;C:\Program Files\Intel\Intel(R) Management Engine Components\IPT;C:\Program Files (x86)\NVIDIA Corporation\PhysX\Common;C:\WINDOWS\system32;C:\WINDOWS;C:\WINDOWS\System32\Wbem;C:\WINDOWS\System32\WindowsPowerShell\v1.0\;C:\WINDOWS\System32\OpenSSH\;C:\Program Files\dotnet\;C:\Program Files\Java\jdk-11.0.1\bin;C:\Program Files\Git\cmd;C:\Ruby25-x64;C:\Gradle\gradle-5.6.1\bin;C:\Program Files\PuTTY\;C:\Program Files\Dart\dart-sdk\bin;C:\ProgramData\chocolatey\bin;C:\mpj-v0_44\bin;C:\Program Files\nodejs\;C:\src\flutter\bin;C:\Ruby25-x64\bin;C:\Users\Xps 9560\AppData\Local\Microsoft\WindowsApps;C:\ProgramData\Xps 9560\atom\bin;C:\Program Files\JetBrains\PhpStorm 2019.1.2\bin;;C:\Program Files\JetBrains\RubyMine 2019.1.2\bin;;C:\Flutter\bin;C:\Users\Xps 9560\AppData\Local\Microsoft\WindowsApps;C:\Users\Xps 9560\AppData\Roaming\npm;."/>
    <property name="java.vendor" value="Oracle Corporation"/>
    <property name="java.vm.info" value="mixed mode"/>
    <property name="java.vm.version" value="11.0.1+13-LTS"/>
    <property name="sun.io.unicode.encoding" value="UnicodeLittle"/>
    <property name="java.class.version" value="55.0"/>
  </properties>
  <testcase name="Name_TC_6" classname="AppTest" time="0.134"/>
  <testcase name="Name_TC_7" classname="AppTest" time="0.004"/>
  <testcase name="Group_TC_1" classname="AppTest" time="0.013"/>
  <testcase name="Group_TC_2" classname="AppTest" time="0.011"/>
  <testcase name="Deadline_TC_1" classname="AppTest" time="0.011"/>
  <testcase name="Deadline_TC_2" classname="AppTest" time="0.003"/>
  <testcase name="Email_TC_12" classname="AppTest" time="0.011"/>
  <testcase name="Email_TC_15" classname="AppTest" time="0.004"/>
  <testcase name="Id_TC_16" classname="AppTest" time="0.008"/>
  <testcase name="Id_TC_17" classname="AppTest" time="0.002"/>
  <testcase name="Name_TC_11" classname="AppTest" time="0.002"/>
</testsuite>